###############################################################################
#                                                                             #
#                                                       11/Aug/2012  21:15:56 #
# IAR ANSI C/C++ Compiler V6.30.4.23288/W32 EVALUATION for ARM                #
# Copyright 1999-2011 IAR Systems AB.                                         #
#                                                                             #
#    Cpu mode     =  thumb                                                    #
#    Endian       =  little                                                   #
#    Source file  =  C:\Users\Administrator\Desktop\飞磁\src\Sources\C\isr.c  #
#    Command line =  C:\Users\Administrator\Desktop\飞磁\src\Sources\C\isr.c  #
#                    -D IAR -D TWR_K60N512 -lCN C:\Users\Administrator\Deskto #
#                    p\飞磁\bin\Flash\List\ -lB C:\Users\Administrator\Deskto #
#                    p\飞磁\bin\Flash\List\ -o C:\Users\Administrator\Desktop #
#                    \飞磁\bin\Flash\Obj\ --no_cse --no_unroll --no_inline    #
#                    --no_code_motion --no_tbaa --no_clustering               #
#                    --no_scheduling --debug --endian=little --cpu=Cortex-M4  #
#                    -e --fpu=None --dlib_config                              #
#                    G:\irm\arm\INC\c\DLib_Config_Normal.h -I                 #
#                    C:\Users\Administrator\Desktop\飞磁\src\Sources\H\ -I    #
#                    C:\Users\Administrator\Desktop\飞磁\src\Sources\H\Compon #
#                    ent_H\ -I C:\Users\Administrator\Desktop\飞磁\src\Source #
#                    s\H\Frame_H\ -Ol --use_c++_inline                        #
#    List file    =  C:\Users\Administrator\Desktop\飞磁\bin\Flash\List\isr.l #
#                    st                                                       #
#    Object file  =  C:\Users\Administrator\Desktop\飞磁\bin\Flash\Obj\isr.o  #
#                                                                             #
#                                                                             #
###############################################################################

C:\Users\Administrator\Desktop\飞磁\src\Sources\C\isr.c
      1          //-------------------------------------------------------------------------*
      2          // 文件名: isr.c                                                           *
      3          // 说  明: 中断处理例程                                                    *
      4          //---------------苏州大学飞思卡尔嵌入式系统实验室2011年--------------------*
      5          
      6          #include "includes.h"


 

 


Errors: none
Warnings: none
