###############################################################################
#                                                                             #
#                                                       11/Aug/2012  21:15:57 #
# IAR ANSI C/C++ Compiler V6.30.4.23288/W32 EVALUATION for ARM                #
# Copyright 1999-2011 IAR Systems AB.                                         #
#                                                                             #
#    Cpu mode     =  thumb                                                    #
#    Endian       =  little                                                   #
#    Source file  =  C:\Users\Administrator\Desktop\飞磁\src\Project_Settings #
#                    \Startup_Code\start.c                                    #
#    Command line =  C:\Users\Administrator\Desktop\飞磁\src\Project_Settings #
#                    \Startup_Code\start.c -D IAR -D TWR_K60N512 -lCN         #
#                    C:\Users\Administrator\Desktop\飞磁\bin\Flash\List\ -lB  #
#                    C:\Users\Administrator\Desktop\飞磁\bin\Flash\List\ -o   #
#                    C:\Users\Administrator\Desktop\飞磁\bin\Flash\Obj\       #
#                    --no_cse --no_unroll --no_inline --no_code_motion        #
#                    --no_tbaa --no_clustering --no_scheduling --debug        #
#                    --endian=little --cpu=Cortex-M4 -e --fpu=None            #
#                    --dlib_config G:\irm\arm\INC\c\DLib_Config_Normal.h -I   #
#                    C:\Users\Administrator\Desktop\飞磁\src\Sources\H\ -I    #
#                    C:\Users\Administrator\Desktop\飞磁\src\Sources\H\Compon #
#                    ent_H\ -I C:\Users\Administrator\Desktop\飞磁\src\Source #
#                    s\H\Frame_H\ -Ol --use_c++_inline                        #
#    List file    =  C:\Users\Administrator\Desktop\飞磁\bin\Flash\List\start #
#                    .lst                                                     #
#    Object file  =  C:\Users\Administrator\Desktop\飞磁\bin\Flash\Obj\start. #
#                    o                                                        #
#                                                                             #
#                                                                             #
###############################################################################

C:\Users\Administrator\Desktop\飞磁\src\Project_Settings\Startup_Code\start.c
      1          /********************************************************
      2          【平    台】龙丘CORTEX-M4开发板/系统板
      3          【编    写】龙丘
      4          【Designed】by Chiu Sir
      5          【E-mail  】chiusir@yahoo.cn
      6          【软件版本】V1.0
      7          【最后更新】2011年12月25日
      8          【相关信息参考下列地址】
      9          【网    站】http://www.lqist.cn
     10          【淘宝店铺】http://shop36265907.taobao.com
     11          【dev.env.】Code Warrior 10.1
     12          【Target  】CORTEX-M4
     13          【Crystal 】50.000Mhz
     14          【busclock】？MHz
     15          【pllclock】125MHz
     16          ********************************************************/ 
     17          //-------------------------------------------------------------------------*
     18          // 文件名:start.c                                                          *
     19          // 说  明: CPU启动后进行系统配置                                           *
     20          //-------------------------------------------------------------------------*
     21          
     22          //头文件
     23          #include "common.h"
     24          #include "wdog.h"
     25          #include "sysinit.h"
     26          
     27          #pragma section = ".data"
     28          #pragma section = ".data_init"
     29          #pragma section = ".bss"
     30          #pragma section = "CodeRelocate"
     31          #pragma section = "CodeRelocateRam" 
     32          
     33          //内部函数声明
     34          //-------------------------------------------------------------------------*
     35          //函数名: common_startup                                                   *
     36          //功  能: 复制中断向量表到RAM中                                            * 
     37          //参  数: 无								   *	
     38          //说  明: 将ROM中的初始化数据拷贝到RAM中                                   *
     39          //-------------------------------------------------------------------------*
     40          void common_startup(void);
     41          
     42          //-------------------------------------------------------------------------*
     43          //函数名: start                                                            *
     44          //功  能: 系统启动                                                         * 
     45          //参  数: 无								   *	
     46          //说  明: 无                                                               *
     47          //-------------------------------------------------------------------------*

   \                                 In section .text, align 2, keep-with-next
     48          void start(void)
     49          {
   \                     start:
   \   00000000   0xB580             PUSH     {R7,LR}
     50              //关闭看门狗
     51              wdog_disable();		
   \   00000002   0x.... 0x....      BL       wdog_disable
     52              //复制中断向量表到RAM中
     53              common_startup();	
   \   00000006   0x.... 0x....      BL       common_startup
     54              //系统设置,龙丘注销此部分，系统初始化放在MAIN()中
     55              //sysinit();			
     56              //进入主函数
     57              main();				
   \   0000000A   0x.... 0x....      BL       main
     58          }
   \   0000000E   0xBD01             POP      {R0,PC}          ;; return
     59          
     60          
     61          //-------------------------------------------------------------------------*
     62          //函数名: common_startup                                                   *
     63          //功  能: 复制中断向量表到RAM中                                            * 
     64          //参  数: 无								   *	
     65          //说  明: 将ROM中的初始化数据拷贝到RAM中                                   *
     66          //-------------------------------------------------------------------------*

   \                                 In section .text, align 2, keep-with-next
     67          void common_startup(void)
     68          {
   \                     common_startup:
   \   00000000   0xB580             PUSH     {R7,LR}
     69              /* Declare a counter we'll use in all of the copy loops */
     70              uint32 n;
     71           
     72           
     73              /* Addresses for VECTOR_TABLE and VECTOR_RAM come from the linker file */  
     74              extern uint32 __VECTOR_TABLE[];
     75              extern uint32 __VECTOR_RAM[];
     76          
     77              /* Copy the vector table to RAM */
     78              if (__VECTOR_RAM != __VECTOR_TABLE)
   \   00000002   0x....             LDR.N    R0,??DataTable0
   \   00000004   0x....             LDR.N    R1,??DataTable0_1
   \   00000006   0x4288             CMP      R0,R1
   \   00000008   0xD00B             BEQ.N    ??common_startup_0
     79              {
     80                  for (n = 0; n < 0x410; n++)
   \   0000000A   0x2000             MOVS     R0,#+0
   \   0000000C   0xE006             B.N      ??common_startup_1
     81                      __VECTOR_RAM[n] = __VECTOR_TABLE[n];
   \                     ??common_startup_2:
   \   0000000E   0x....             LDR.N    R1,??DataTable0
   \   00000010   0x....             LDR.N    R2,??DataTable0_1
   \   00000012   0xF852 0x2020      LDR      R2,[R2, R0, LSL #+2]
   \   00000016   0xF841 0x2020      STR      R2,[R1, R0, LSL #+2]
   \   0000001A   0x1C40             ADDS     R0,R0,#+1
   \                     ??common_startup_1:
   \   0000001C   0xF5B0 0x6F82      CMP      R0,#+1040
   \   00000020   0xD3F5             BCC.N    ??common_startup_2
     82              }
     83              /* Point the VTOR to the new copy of the vector table */
     84              write_vtor((uint32)__VECTOR_RAM);    
   \                     ??common_startup_0:
   \   00000022   0x....             LDR.N    R0,??DataTable0
   \   00000024   0x.... 0x....      BL       write_vtor
     85              
     86              /* Get the addresses for the .data section (initialized data section) */
     87              uint8* data_ram = __section_begin(".data");
   \   00000028   0x....             LDR.N    R1,??DataTable0_2
     88              uint8* data_rom = __section_begin(".data_init");
   \   0000002A   0x....             LDR.N    R2,??DataTable0_3
     89              uint8* data_rom_end = __section_end(".data_init");
   \   0000002C   0x....             LDR.N    R0,??DataTable0_4
     90              
     91              /* Copy initialized data from ROM to RAM */
     92              n = data_rom_end - data_rom;
   \   0000002E   0x1A80             SUBS     R0,R0,R2
   \   00000030   0xE003             B.N      ??common_startup_3
     93              while (n--)
     94                *data_ram++ = *data_rom++;
   \                     ??common_startup_4:
   \   00000032   0x7813             LDRB     R3,[R2, #+0]
   \   00000034   0x700B             STRB     R3,[R1, #+0]
   \   00000036   0x1C52             ADDS     R2,R2,#+1
   \   00000038   0x1C49             ADDS     R1,R1,#+1
   \                     ??common_startup_3:
   \   0000003A   0x0003             MOVS     R3,R0
   \   0000003C   0x1E58             SUBS     R0,R3,#+1
   \   0000003E   0x2B00             CMP      R3,#+0
   \   00000040   0xD1F7             BNE.N    ??common_startup_4
     95           
     96           
     97              /* Get the addresses for the .bss section (zero-initialized data) */
     98              uint8* bss_start = __section_begin(".bss");
   \   00000042   0x....             LDR.N    R1,??DataTable0_5
     99              uint8* bss_end = __section_end(".bss");
   \   00000044   0x....             LDR.N    R0,??DataTable0_6
    100              
    101              /* Clear the zero-initialized data section */
    102              n = bss_end - bss_start;
   \   00000046   0x1A40             SUBS     R0,R0,R1
   \   00000048   0xE002             B.N      ??common_startup_5
    103              while(n--)
    104                *bss_start++ = 0;    
   \                     ??common_startup_6:
   \   0000004A   0x2200             MOVS     R2,#+0
   \   0000004C   0x700A             STRB     R2,[R1, #+0]
   \   0000004E   0x1C49             ADDS     R1,R1,#+1
   \                     ??common_startup_5:
   \   00000050   0x0002             MOVS     R2,R0
   \   00000052   0x1E50             SUBS     R0,R2,#+1
   \   00000054   0x2A00             CMP      R2,#+0
   \   00000056   0xD1F8             BNE.N    ??common_startup_6
    105              
    106              /* Get addresses for any code sections that need to be copied from ROM to RAM.
    107               * The IAR tools have a predefined keyword that can be used to mark individual
    108               * functions for execution from RAM. Add "__ramfunc" before the return type in
    109               * the function prototype for any routines you need to execute from RAM instead 
    110               * of ROM. ex: __ramfunc void foo(void);
    111               */
    112              uint8* code_relocate_ram = __section_begin("CodeRelocateRam");
   \   00000058   0x....             LDR.N    R1,??DataTable0_7
    113              uint8* code_relocate = __section_begin("CodeRelocate");
   \   0000005A   0x....             LDR.N    R2,??DataTable0_8
    114              uint8* code_relocate_end = __section_end("CodeRelocate");
   \   0000005C   0x....             LDR.N    R0,??DataTable0_9
    115              
    116              /* Copy functions from ROM to RAM */
    117              n = code_relocate_end - code_relocate;
   \   0000005E   0x1A80             SUBS     R0,R0,R2
   \   00000060   0xE003             B.N      ??common_startup_7
    118              while (n--)
    119                *code_relocate_ram++ = *code_relocate++;
   \                     ??common_startup_8:
   \   00000062   0x7813             LDRB     R3,[R2, #+0]
   \   00000064   0x700B             STRB     R3,[R1, #+0]
   \   00000066   0x1C52             ADDS     R2,R2,#+1
   \   00000068   0x1C49             ADDS     R1,R1,#+1
   \                     ??common_startup_7:
   \   0000006A   0x0003             MOVS     R3,R0
   \   0000006C   0x1E58             SUBS     R0,R3,#+1
   \   0000006E   0x2B00             CMP      R3,#+0
   \   00000070   0xD1F7             BNE.N    ??common_startup_8
    120          }
   \   00000072   0xBD01             POP      {R0,PC}          ;; return

   \                                 In section .text, align 4, keep-with-next
   \                     ??DataTable0:
   \   00000000   0x........         DC32     __VECTOR_RAM

   \                                 In section .text, align 4, keep-with-next
   \                     ??DataTable0_1:
   \   00000000   0x........         DC32     __VECTOR_TABLE

   \                                 In section .text, align 4, keep-with-next
   \                     ??DataTable0_2:
   \   00000000   0x........         DC32     SFB(`.data`)

   \                                 In section .text, align 4, keep-with-next
   \                     ??DataTable0_3:
   \   00000000   0x........         DC32     SFB(`.data_init`)

   \                                 In section .text, align 4, keep-with-next
   \                     ??DataTable0_4:
   \   00000000   0x........         DC32     SFE(`.data_init`)

   \                                 In section .text, align 4, keep-with-next
   \                     ??DataTable0_5:
   \   00000000   0x........         DC32     SFB(`.bss`)

   \                                 In section .text, align 4, keep-with-next
   \                     ??DataTable0_6:
   \   00000000   0x........         DC32     SFE(`.bss`)

   \                                 In section .text, align 4, keep-with-next
   \                     ??DataTable0_7:
   \   00000000   0x........         DC32     SFB(CodeRelocateRam)

   \                                 In section .text, align 4, keep-with-next
   \                     ??DataTable0_8:
   \   00000000   0x........         DC32     SFB(CodeRelocate)

   \                                 In section .text, align 4, keep-with-next
   \                     ??DataTable0_9:
   \   00000000   0x........         DC32     SFE(CodeRelocate)

   Maximum stack usage in bytes:

   .cstack Function
   ------- --------
        8  common_startup
             8 -> write_vtor
        8  start
             8 -> common_startup
             8 -> main
             8 -> wdog_disable


   Section sizes:

   Bytes  Function/Label
   -----  --------------
       4  ??DataTable0
       4  ??DataTable0_1
       4  ??DataTable0_2
       4  ??DataTable0_3
       4  ??DataTable0_4
       4  ??DataTable0_5
       4  ??DataTable0_6
       4  ??DataTable0_7
       4  ??DataTable0_8
       4  ??DataTable0_9
     116  common_startup
      16  start

 
 172 bytes in section .text
 
 172 bytes of CODE memory

Errors: none
Warnings: none
